
Showing logs for build [32mcb-kubecd-environment-pr-192-77-l2pzd-1[0m stage [32mfrom-build-pack[0m and container [32mstep-credential-initializer-6lpl8[0m
{"level":"warn","ts":1585805119.8397305,"logger":"fallback-logger","caller":"logging/config.go:69","msg":"Fetch GitHub commit ID from kodata failed: \"ref: refs/heads/0.8.0-**-support-backwards-incompats\" is not a valid GitHub commit ID"}
{"level":"info","ts":1585805119.8406339,"logger":"fallback-logger","caller":"creds-init/main.go:40","msg":"Credentials initialized."}

Showing logs for build [32mcb-kubecd-environment-pr-192-77-l2pzd-1[0m stage [32mfrom-build-pack[0m and container [32mstep-working-dir-initializer-4slhq[0m
{"level":"warn","ts":1585805121.1609762,"logger":"fallback-logger","caller":"logging/config.go:69","msg":"Fetch GitHub commit ID from kodata failed: open /var/run/ko/HEAD: no such file or directory"}
{"level":"info","ts":1585805121.1628282,"logger":"fallback-logger","caller":"bash/main.go:64","msg":"Successfully executed command \"sh -c mkdir -p /workspace/source\"; output "}

Showing logs for build [32mcb-kubecd-environment-pr-192-77-l2pzd-1[0m stage [32mfrom-build-pack[0m and container [32mstep-place-tools[0m

Showing logs for build [32mcb-kubecd-environment-pr-192-77-l2pzd-1[0m stage [32mfrom-build-pack[0m and container [32mstep-git-source-cb-kubecd-environment-pr-192-77-l2pzd-wv729[0m
{"level":"warn","ts":1585805125.2754235,"logger":"fallback-logger","caller":"logging/config.go:69","msg":"Fetch GitHub commit ID from kodata failed: \"ref: refs/heads/0.8.0-**-support-backwards-incompats\" is not a valid GitHub commit ID"}
{"level":"info","ts":1585805126.3212156,"logger":"fallback-logger","caller":"git/git.go:103","msg":"Successfully cloned https://github.com/cb-kubecd/environment-pr-192-77-boot-gke-staging.git @ master in path /workspace/source"}

Showing logs for build [32mcb-kubecd-environment-pr-192-77-l2pzd-1[0m stage [32mfrom-build-pack[0m and container [32mstep-git-merge[0m
Using SHAs from PULL_REFS=master:0cd32cdf240fa96c3fd0cb0536dddd383586cdfa,5:e60752cf7fa2526d279e0ec50c487a4c934db01e
DEBUG: JX_LOG_LEVEL=error LC_ALL=C git fetch origin --unshallow e60752cf7fa2526d279e0ec50c487a4c934db01e: 0cd32cdf240fa96c3fd0cb0536dddd383586cdfa:
DEBUG: ran git fetch --unshallow origin e60752cf7fa2526d279e0ec50c487a4c934db01e: 0cd32cdf240fa96c3fd0cb0536dddd383586cdfa: in 
DEBUG: LC_ALL=C JX_LOG_LEVEL=error git branch
DEBUG: LC_ALL=C JX_LOG_LEVEL=error git checkout master
DEBUG: ran git checkout master in 
DEBUG: LC_ALL=C JX_LOG_LEVEL=error git reset --hard 0cd32cdf240fa96c3fd0cb0536dddd383586cdfa
DEBUG: ran git reset --hard 0cd32cdf240fa96c3fd0cb0536dddd383586cdfa in 
DEBUG: LC_ALL=C JX_LOG_LEVEL=error git clean -fd .
DEBUG: ran clean --force -d . in 
DEBUG: JX_LOG_LEVEL=error LC_ALL=C git merge e60752cf7fa2526d279e0ec50c487a4c934db01e
DEBUG: ran git merge e60752cf7fa2526d279e0ec50c487a4c934db01e in 
DEBUG: LC_ALL=C JX_LOG_LEVEL=error git log --format=%H%x1f%an%x1f%ae%x1f%cn%x1f%ce%x1f%s%n%b%x1e 0cd32cdf240fa96c3fd0cb0536dddd383586cdfa..HEAD
Merged SHA e60752cf7fa2526d279e0ec50c487a4c934db01e with commit message 'chore: Promote bdd-sbrp-import-1585804892 to version 0.0.1' into base branch master

Showing logs for build [32mcb-kubecd-environment-pr-192-77-l2pzd-1[0m stage [32mfrom-build-pack[0m and container [32mstep-build-helm-build[0m
WARNING: No $CHART_REPOSITORY defined so using the default value of: http://jenkins-x-chartmuseum:8080
Adding missing Helm repo: storage.googleapis.com https://storage.googleapis.com/chartmuseum.jenkins-x.io
WARNING: No secrets found on "helm/repos" due: reading the secret "helm/repos" from vault: no secret "helm/repos" not found in vault
Read credentials for https://storage.googleapis.com/chartmuseum.jenkins-x.io from vault helm/repos
Successfully added Helm repository storage.googleapis.com.
Adding missing Helm repo: jenkins-x-chartmuseum http://jenkins-x-chartmuseum:8080
WARNING: No secrets found on "helm/repos" due: reading the secret "helm/repos" from vault: no secret "helm/repos" not found in vault
Read credentials for http://jenkins-x-chartmuseum:8080 from vault helm/repos
Successfully added Helm repository jenkins-x-chartmuseum.
WARNING: No $CHART_REPOSITORY defined so using the default value of: http://jenkins-x-chartmuseum:8080
Adding missing Helm repo: chartmuseum.jenkins-x.io http://chartmuseum.jenkins-x.io
WARNING: No secrets found on "helm/repos" due: reading the secret "helm/repos" from vault: no secret "helm/repos" not found in vault
Read credentials for http://chartmuseum.jenkins-x.io from vault helm/repos
Successfully added Helm repository chartmuseum.jenkins-x.io.
