
Showing logs for build [32mcb-kubecd-environment-pr-192-77-4zcxl-1[0m stage [32mfrom-build-pack[0m and container [32mstep-credential-initializer-5kxvp[0m
{"level":"warn","ts":1585806577.5259604,"logger":"fallback-logger","caller":"logging/config.go:69","msg":"Fetch GitHub commit ID from kodata failed: \"ref: refs/heads/0.8.0-**-support-backwards-incompats\" is not a valid GitHub commit ID"}
{"level":"info","ts":1585806577.5265625,"logger":"fallback-logger","caller":"creds-init/main.go:40","msg":"Credentials initialized."}

Showing logs for build [32mcb-kubecd-environment-pr-192-77-4zcxl-1[0m stage [32mfrom-build-pack[0m and container [32mstep-working-dir-initializer-6cjm6[0m
{"level":"warn","ts":1585806578.5830815,"logger":"fallback-logger","caller":"logging/config.go:69","msg":"Fetch GitHub commit ID from kodata failed: open /var/run/ko/HEAD: no such file or directory"}
{"level":"info","ts":1585806578.5848553,"logger":"fallback-logger","caller":"bash/main.go:64","msg":"Successfully executed command \"sh -c mkdir -p /workspace/source\"; output "}

Showing logs for build [32mcb-kubecd-environment-pr-192-77-4zcxl-1[0m stage [32mfrom-build-pack[0m and container [32mstep-place-tools[0m

Showing logs for build [32mcb-kubecd-environment-pr-192-77-4zcxl-1[0m stage [32mfrom-build-pack[0m and container [32mstep-git-source-cb-kubecd-environment-pr-192-77-4zcxl-qrgq2[0m
{"level":"warn","ts":1585806583.718319,"logger":"fallback-logger","caller":"logging/config.go:69","msg":"Fetch GitHub commit ID from kodata failed: \"ref: refs/heads/0.8.0-**-support-backwards-incompats\" is not a valid GitHub commit ID"}
{"level":"info","ts":1585806584.7546942,"logger":"fallback-logger","caller":"git/git.go:103","msg":"Successfully cloned https://github.com/cb-kubecd/environment-pr-192-77-boot-gke-staging.git @ master in path /workspace/source"}

Showing logs for build [32mcb-kubecd-environment-pr-192-77-4zcxl-1[0m stage [32mfrom-build-pack[0m and container [32mstep-git-merge[0m
Using SHAs from PULL_REFS=master:5897d628314ac6f5830039b51bc589a9e94691d1,8:05fa1bb8602a647afc7e21cc6a024932545bf69f
DEBUG: LC_ALL=C JX_LOG_LEVEL=error git fetch origin --unshallow 05fa1bb8602a647afc7e21cc6a024932545bf69f: 5897d628314ac6f5830039b51bc589a9e94691d1:
DEBUG: ran git fetch --unshallow origin 05fa1bb8602a647afc7e21cc6a024932545bf69f: 5897d628314ac6f5830039b51bc589a9e94691d1: in 
DEBUG: LC_ALL=C JX_LOG_LEVEL=error git branch
DEBUG: LC_ALL=C JX_LOG_LEVEL=error git checkout master
DEBUG: ran git checkout master in 
DEBUG: JX_LOG_LEVEL=error LC_ALL=C git reset --hard 5897d628314ac6f5830039b51bc589a9e94691d1
DEBUG: ran git reset --hard 5897d628314ac6f5830039b51bc589a9e94691d1 in 
DEBUG: LC_ALL=C JX_LOG_LEVEL=error git clean -fd .
DEBUG: ran clean --force -d . in 
DEBUG: LC_ALL=C JX_LOG_LEVEL=error git merge 05fa1bb8602a647afc7e21cc6a024932545bf69f
DEBUG: ran git merge 05fa1bb8602a647afc7e21cc6a024932545bf69f in 
DEBUG: LC_ALL=C JX_LOG_LEVEL=error git log --format=%H%x1f%an%x1f%ae%x1f%cn%x1f%ce%x1f%s%n%b%x1e 5897d628314ac6f5830039b51bc589a9e94691d1..HEAD
Merged SHA 05fa1bb8602a647afc7e21cc6a024932545bf69f with commit message 'chore: Promote bdd-nh-import-1585804892 to version 0.0.1' into base branch master

Showing logs for build [32mcb-kubecd-environment-pr-192-77-4zcxl-1[0m stage [32mfrom-build-pack[0m and container [32mstep-build-helm-build[0m
WARNING: No $CHART_REPOSITORY defined so using the default value of: http://jenkins-x-chartmuseum:8080
Adding missing Helm repo: storage.googleapis.com https://storage.googleapis.com/chartmuseum.jenkins-x.io
WARNING: No secrets found on "helm/repos" due: reading the secret "helm/repos" from vault: no secret "helm/repos" not found in vault
Read credentials for https://storage.googleapis.com/chartmuseum.jenkins-x.io from vault helm/repos
Successfully added Helm repository storage.googleapis.com.
Adding missing Helm repo: jenkins-x-chartmuseum http://jenkins-x-chartmuseum:8080
WARNING: No secrets found on "helm/repos" due: reading the secret "helm/repos" from vault: no secret "helm/repos" not found in vault
Read credentials for http://jenkins-x-chartmuseum:8080 from vault helm/repos
Successfully added Helm repository jenkins-x-chartmuseum.
WARNING: No $CHART_REPOSITORY defined so using the default value of: http://jenkins-x-chartmuseum:8080
Adding missing Helm repo: chartmuseum.jenkins-x.io http://chartmuseum.jenkins-x.io
WARNING: No secrets found on "helm/repos" due: reading the secret "helm/repos" from vault: no secret "helm/repos" not found in vault
Read credentials for http://chartmuseum.jenkins-x.io from vault helm/repos
Successfully added Helm repository chartmuseum.jenkins-x.io.
