
Showing logs for build [32mcb-kubecd-environment-pr-192-77-kmgn9-1[0m stage [32mfrom-build-pack[0m and container [32mstep-credential-initializer-pn9s9[0m
{"level":"warn","ts":1585805640.754448,"logger":"fallback-logger","caller":"logging/config.go:69","msg":"Fetch GitHub commit ID from kodata failed: \"ref: refs/heads/0.8.0-**-support-backwards-incompats\" is not a valid GitHub commit ID"}
{"level":"info","ts":1585805640.7600722,"logger":"fallback-logger","caller":"creds-init/main.go:40","msg":"Credentials initialized."}

Showing logs for build [32mcb-kubecd-environment-pr-192-77-kmgn9-1[0m stage [32mfrom-build-pack[0m and container [32mstep-working-dir-initializer-gsbv7[0m
{"level":"warn","ts":1585805641.7746527,"logger":"fallback-logger","caller":"logging/config.go:69","msg":"Fetch GitHub commit ID from kodata failed: open /var/run/ko/HEAD: no such file or directory"}
{"level":"info","ts":1585805641.8390417,"logger":"fallback-logger","caller":"bash/main.go:64","msg":"Successfully executed command \"sh -c mkdir -p /workspace/source\"; output "}

Showing logs for build [32mcb-kubecd-environment-pr-192-77-kmgn9-1[0m stage [32mfrom-build-pack[0m and container [32mstep-place-tools[0m

Showing logs for build [32mcb-kubecd-environment-pr-192-77-kmgn9-1[0m stage [32mfrom-build-pack[0m and container [32mstep-git-source-cb-kubecd-environment-pr-192-77-kmgn9-sk8sd[0m
{"level":"warn","ts":1585805645.4056177,"logger":"fallback-logger","caller":"logging/config.go:69","msg":"Fetch GitHub commit ID from kodata failed: \"ref: refs/heads/0.8.0-**-support-backwards-incompats\" is not a valid GitHub commit ID"}
{"level":"info","ts":1585805646.4253917,"logger":"fallback-logger","caller":"git/git.go:103","msg":"Successfully cloned https://github.com/cb-kubecd/environment-pr-192-77-boot-gke-staging.git @ master in path /workspace/source"}

Showing logs for build [32mcb-kubecd-environment-pr-192-77-kmgn9-1[0m stage [32mfrom-build-pack[0m and container [32mstep-git-merge[0m
Using SHAs from PULL_REFS=master:d40877b463358a20c5e6f92c614f07b0eff793c9,6:6ac3f3dd55e67e780271dcda0bb722610a0c0a67
DEBUG: LC_ALL=C JX_LOG_LEVEL=error git fetch origin --unshallow 6ac3f3dd55e67e780271dcda0bb722610a0c0a67: d40877b463358a20c5e6f92c614f07b0eff793c9:
DEBUG: ran git fetch --unshallow origin 6ac3f3dd55e67e780271dcda0bb722610a0c0a67: d40877b463358a20c5e6f92c614f07b0eff793c9: in 
DEBUG: LC_ALL=C JX_LOG_LEVEL=error git branch
DEBUG: LC_ALL=C JX_LOG_LEVEL=error git checkout master
DEBUG: ran git checkout master in 
DEBUG: JX_LOG_LEVEL=error LC_ALL=C git reset --hard d40877b463358a20c5e6f92c614f07b0eff793c9
DEBUG: ran git reset --hard d40877b463358a20c5e6f92c614f07b0eff793c9 in 
DEBUG: JX_LOG_LEVEL=error LC_ALL=C git clean -fd .
DEBUG: ran clean --force -d . in 
DEBUG: LC_ALL=C JX_LOG_LEVEL=error git merge 6ac3f3dd55e67e780271dcda0bb722610a0c0a67
DEBUG: ran git merge 6ac3f3dd55e67e780271dcda0bb722610a0c0a67 in 
DEBUG: LC_ALL=C JX_LOG_LEVEL=error git log --format=%H%x1f%an%x1f%ae%x1f%cn%x1f%ce%x1f%s%n%b%x1e d40877b463358a20c5e6f92c614f07b0eff793c9..HEAD
Merged SHA 6ac3f3dd55e67e780271dcda0bb722610a0c0a67 with commit message 'chore: Promote bdd-sbhg-import-1585804892 to version 0.0.1' into base branch master

Showing logs for build [32mcb-kubecd-environment-pr-192-77-kmgn9-1[0m stage [32mfrom-build-pack[0m and container [32mstep-build-helm-build[0m
WARNING: No $CHART_REPOSITORY defined so using the default value of: http://jenkins-x-chartmuseum:8080
Adding missing Helm repo: storage.googleapis.com https://storage.googleapis.com/chartmuseum.jenkins-x.io
WARNING: No secrets found on "helm/repos" due: reading the secret "helm/repos" from vault: no secret "helm/repos" not found in vault
Read credentials for https://storage.googleapis.com/chartmuseum.jenkins-x.io from vault helm/repos
Successfully added Helm repository storage.googleapis.com.
Adding missing Helm repo: jenkins-x-chartmuseum http://jenkins-x-chartmuseum:8080
WARNING: No secrets found on "helm/repos" due: reading the secret "helm/repos" from vault: no secret "helm/repos" not found in vault
Read credentials for http://jenkins-x-chartmuseum:8080 from vault helm/repos
Successfully added Helm repository jenkins-x-chartmuseum.
WARNING: No $CHART_REPOSITORY defined so using the default value of: http://jenkins-x-chartmuseum:8080
Adding missing Helm repo: chartmuseum.jenkins-x.io http://chartmuseum.jenkins-x.io
WARNING: No secrets found on "helm/repos" due: reading the secret "helm/repos" from vault: no secret "helm/repos" not found in vault
Read credentials for http://chartmuseum.jenkins-x.io from vault helm/repos
Successfully added Helm repository chartmuseum.jenkins-x.io.
